2014-12-22 17:34:05,371 - [INFO] - from play in pool-4-thread-1 
Listening for HTTP on /0:0:0:0:0:0:0:0:9000

2014-12-22 17:34:29,618 - [ERROR] - from application in New I/O worker #1 


! @6kialacj2 - Internal server error, for (GET) [/] ->

play.PlayExceptions$CompilationException: Compilation error[not found: value homeslider]
	at play.PlayReloader$$anon$1$$anonfun$reload$2$$anonfun$apply$14$$anonfun$apply$16.apply(PlayReloader.scala:304) ~[na:na]
	at play.PlayReloader$$anon$1$$anonfun$reload$2$$anonfun$apply$14$$anonfun$apply$16.apply(PlayReloader.scala:304) ~[na:na]
	at scala.Option.map(Option.scala:145) ~[scala-library-2.10.3.jar:na]
	at play.PlayReloader$$anon$1$$anonfun$reload$2$$anonfun$apply$14.apply(PlayReloader.scala:304) ~[na:na]
	at play.PlayReloader$$anon$1$$anonfun$reload$2$$anonfun$apply$14.apply(PlayReloader.scala:298) ~[na:na]
	at scala.Option.map(Option.scala:145) ~[scala-library-2.10.3.jar:na]
	at play.PlayReloader$$anon$1$$anonfun$reload$2.apply(PlayReloader.scala:298) ~[na:na]
	at play.PlayReloader$$anon$1$$anonfun$reload$2.apply(PlayReloader.scala:296) ~[na:na]
	at scala.util.Either$LeftProjection.map(Either.scala:377) ~[scala-library-2.10.3.jar:na]
	at play.PlayReloader$$anon$1.reload(PlayReloader.scala:296) ~[na:na]
	at play.core.ReloadableApplication$$anonfun$get$1.apply(ApplicationProvider.scala:104) ~[play_2.10-2.2.5.jar:2.2.5]
	at play.core.ReloadableApplication$$anonfun$get$1.apply(ApplicationProvider.scala:102) ~[play_2.10-2.2.5.jar:2.2.5]
	at scala.concurrent.impl.Future$PromiseCompletingRunnable.liftedTree1$1(Future.scala:24) ~[scala-library-2.10.3.jar:na]
	at scala.concurrent.impl.Future$PromiseCompletingRunnable.run(Future.scala:24) ~[scala-library-2.10.3.jar:na]
	at scala.concurrent.forkjoin.ForkJoinTask$AdaptedRunnableAction.exec(ForkJoinTask.java:1361) ~[scala-library-2.10.3.jar:na]
	at scala.concurrent.forkjoin.ForkJoinTask.doExec(ForkJoinTask.java:260) ~[scala-library-2.10.3.jar:na]
	at scala.concurrent.forkjoin.ForkJoinPool$WorkQueue.runTask(ForkJoinPool.java:1339) ~[scala-library-2.10.3.jar:na]
	at scala.concurrent.forkjoin.ForkJoinPool.runWorker(ForkJoinPool.java:1979) ~[scala-library-2.10.3.jar:na]
	at scala.concurrent.forkjoin.ForkJoinWorkerThread.run(ForkJoinWorkerThread.java:107) ~[scala-library-2.10.3.jar:na]

2014-12-22 17:34:29,906 - [WARN] - from play in New I/O worker #1 
No application found at invoker init

2014-12-22 17:35:20,463 - [ERROR] - from application in New I/O worker #1 


! @6kialda0d - Internal server error, for (GET) [/] ->

play.PlayExceptions$CompilationException: Compilation error[not found: value usernav]
	at play.PlayReloader$$anon$1$$anonfun$reload$2$$anonfun$apply$14$$anonfun$apply$16.apply(PlayReloader.scala:304) ~[na:na]
	at play.PlayReloader$$anon$1$$anonfun$reload$2$$anonfun$apply$14$$anonfun$apply$16.apply(PlayReloader.scala:304) ~[na:na]
	at scala.Option.map(Option.scala:145) ~[scala-library-2.10.3.jar:na]
	at play.PlayReloader$$anon$1$$anonfun$reload$2$$anonfun$apply$14.apply(PlayReloader.scala:304) ~[na:na]
	at play.PlayReloader$$anon$1$$anonfun$reload$2$$anonfun$apply$14.apply(PlayReloader.scala:298) ~[na:na]
	at scala.Option.map(Option.scala:145) ~[scala-library-2.10.3.jar:na]
	at play.PlayReloader$$anon$1$$anonfun$reload$2.apply(PlayReloader.scala:298) ~[na:na]
	at play.PlayReloader$$anon$1$$anonfun$reload$2.apply(PlayReloader.scala:296) ~[na:na]
	at scala.util.Either$LeftProjection.map(Either.scala:377) ~[scala-library-2.10.3.jar:na]
	at play.PlayReloader$$anon$1.reload(PlayReloader.scala:296) ~[na:na]
	at play.core.ReloadableApplication$$anonfun$get$1.apply(ApplicationProvider.scala:104) ~[play_2.10-2.2.5.jar:2.2.5]
	at play.core.ReloadableApplication$$anonfun$get$1.apply(ApplicationProvider.scala:102) ~[play_2.10-2.2.5.jar:2.2.5]
	at scala.concurrent.impl.Future$PromiseCompletingRunnable.liftedTree1$1(Future.scala:24) ~[scala-library-2.10.3.jar:na]
	at scala.concurrent.impl.Future$PromiseCompletingRunnable.run(Future.scala:24) ~[scala-library-2.10.3.jar:na]
	at scala.concurrent.forkjoin.ForkJoinTask$AdaptedRunnableAction.exec(ForkJoinTask.java:1361) ~[scala-library-2.10.3.jar:na]
	at scala.concurrent.forkjoin.ForkJoinTask.doExec(ForkJoinTask.java:260) ~[scala-library-2.10.3.jar:na]
	at scala.concurrent.forkjoin.ForkJoinPool$WorkQueue.runTask(ForkJoinPool.java:1339) ~[scala-library-2.10.3.jar:na]
	at scala.concurrent.forkjoin.ForkJoinPool.runWorker(ForkJoinPool.java:1979) ~[scala-library-2.10.3.jar:na]
	at scala.concurrent.forkjoin.ForkJoinWorkerThread.run(ForkJoinWorkerThread.java:107) ~[scala-library-2.10.3.jar:na]

2014-12-22 17:35:30,008 - [ERROR] - from application in New I/O worker #1 


! @6kialdo3i - Internal server error, for (GET) [/] ->

play.PlayExceptions$CompilationException: Compilation error[not found: value usernav]
	at play.PlayReloader$$anon$1$$anonfun$reload$2$$anonfun$apply$14$$anonfun$apply$16.apply(PlayReloader.scala:304) ~[na:na]
	at play.PlayReloader$$anon$1$$anonfun$reload$2$$anonfun$apply$14$$anonfun$apply$16.apply(PlayReloader.scala:304) ~[na:na]
	at scala.Option.map(Option.scala:145) ~[scala-library-2.10.3.jar:na]
	at play.PlayReloader$$anon$1$$anonfun$reload$2$$anonfun$apply$14.apply(PlayReloader.scala:304) ~[na:na]
	at play.PlayReloader$$anon$1$$anonfun$reload$2$$anonfun$apply$14.apply(PlayReloader.scala:298) ~[na:na]
	at scala.Option.map(Option.scala:145) ~[scala-library-2.10.3.jar:na]
	at play.PlayReloader$$anon$1$$anonfun$reload$2.apply(PlayReloader.scala:298) ~[na:na]
	at play.PlayReloader$$anon$1$$anonfun$reload$2.apply(PlayReloader.scala:296) ~[na:na]
	at scala.util.Either$LeftProjection.map(Either.scala:377) ~[scala-library-2.10.3.jar:na]
	at play.PlayReloader$$anon$1.reload(PlayReloader.scala:296) ~[na:na]
	at play.core.ReloadableApplication$$anonfun$get$1.apply(ApplicationProvider.scala:104) ~[play_2.10-2.2.5.jar:2.2.5]
	at play.core.ReloadableApplication$$anonfun$get$1.apply(ApplicationProvider.scala:102) ~[play_2.10-2.2.5.jar:2.2.5]
	at scala.concurrent.impl.Future$PromiseCompletingRunnable.liftedTree1$1(Future.scala:24) ~[scala-library-2.10.3.jar:na]
	at scala.concurrent.impl.Future$PromiseCompletingRunnable.run(Future.scala:24) ~[scala-library-2.10.3.jar:na]
	at scala.concurrent.forkjoin.ForkJoinTask$AdaptedRunnableAction.exec(ForkJoinTask.java:1361) ~[scala-library-2.10.3.jar:na]
	at scala.concurrent.forkjoin.ForkJoinTask.doExec(ForkJoinTask.java:260) ~[scala-library-2.10.3.jar:na]
	at scala.concurrent.forkjoin.ForkJoinPool$WorkQueue.runTask(ForkJoinPool.java:1339) ~[scala-library-2.10.3.jar:na]
	at scala.concurrent.forkjoin.ForkJoinPool.runWorker(ForkJoinPool.java:1979) ~[scala-library-2.10.3.jar:na]
	at scala.concurrent.forkjoin.ForkJoinWorkerThread.run(ForkJoinWorkerThread.java:107) ~[scala-library-2.10.3.jar:na]

2014-12-22 17:36:32,208 - [ERROR] - from application in New I/O worker #1 


! @6kialhc3p - Internal server error, for (GET) [/] ->

play.PlayExceptions$CompilationException: Compilation error[not found: value usernav]
	at play.PlayReloader$$anon$1$$anonfun$reload$2$$anonfun$apply$14$$anonfun$apply$16.apply(PlayReloader.scala:304) ~[na:na]
	at play.PlayReloader$$anon$1$$anonfun$reload$2$$anonfun$apply$14$$anonfun$apply$16.apply(PlayReloader.scala:304) ~[na:na]
	at scala.Option.map(Option.scala:145) ~[scala-library-2.10.3.jar:na]
	at play.PlayReloader$$anon$1$$anonfun$reload$2$$anonfun$apply$14.apply(PlayReloader.scala:304) ~[na:na]
	at play.PlayReloader$$anon$1$$anonfun$reload$2$$anonfun$apply$14.apply(PlayReloader.scala:298) ~[na:na]
	at scala.Option.map(Option.scala:145) ~[scala-library-2.10.3.jar:na]
	at play.PlayReloader$$anon$1$$anonfun$reload$2.apply(PlayReloader.scala:298) ~[na:na]
	at play.PlayReloader$$anon$1$$anonfun$reload$2.apply(PlayReloader.scala:296) ~[na:na]
	at scala.util.Either$LeftProjection.map(Either.scala:377) ~[scala-library-2.10.3.jar:na]
	at play.PlayReloader$$anon$1.reload(PlayReloader.scala:296) ~[na:na]
	at play.core.ReloadableApplication$$anonfun$get$1.apply(ApplicationProvider.scala:104) ~[play_2.10-2.2.5.jar:2.2.5]
	at play.core.ReloadableApplication$$anonfun$get$1.apply(ApplicationProvider.scala:102) ~[play_2.10-2.2.5.jar:2.2.5]
	at scala.concurrent.impl.Future$PromiseCompletingRunnable.liftedTree1$1(Future.scala:24) ~[scala-library-2.10.3.jar:na]
	at scala.concurrent.impl.Future$PromiseCompletingRunnable.run(Future.scala:24) ~[scala-library-2.10.3.jar:na]
	at scala.concurrent.forkjoin.ForkJoinTask$AdaptedRunnableAction.exec(ForkJoinTask.java:1361) ~[scala-library-2.10.3.jar:na]
	at scala.concurrent.forkjoin.ForkJoinTask.doExec(ForkJoinTask.java:260) ~[scala-library-2.10.3.jar:na]
	at scala.concurrent.forkjoin.ForkJoinPool$WorkQueue.runTask(ForkJoinPool.java:1339) ~[scala-library-2.10.3.jar:na]
	at scala.concurrent.forkjoin.ForkJoinPool.runWorker(ForkJoinPool.java:1979) ~[scala-library-2.10.3.jar:na]
	at scala.concurrent.forkjoin.ForkJoinWorkerThread.run(ForkJoinWorkerThread.java:107) ~[scala-library-2.10.3.jar:na]

2014-12-22 17:39:18,159 - [ERROR] - from application in New I/O worker #2 


! @6kiam0ngi - Internal server error, for (GET) [/] ->

play.PlayExceptions$CompilationException: Compilation error[error: method getProductByCompleteWithoutColor in class FilterDB cannot be applied to given types;]
	at play.PlayReloader$$anon$1$$anonfun$reload$2$$anonfun$apply$14$$anonfun$apply$16.apply(PlayReloader.scala:304) ~[na:na]
	at play.PlayReloader$$anon$1$$anonfun$reload$2$$anonfun$apply$14$$anonfun$apply$16.apply(PlayReloader.scala:304) ~[na:na]
	at scala.Option.map(Option.scala:145) ~[scala-library-2.10.3.jar:na]
	at play.PlayReloader$$anon$1$$anonfun$reload$2$$anonfun$apply$14.apply(PlayReloader.scala:304) ~[na:na]
	at play.PlayReloader$$anon$1$$anonfun$reload$2$$anonfun$apply$14.apply(PlayReloader.scala:298) ~[na:na]
	at scala.Option.map(Option.scala:145) ~[scala-library-2.10.3.jar:na]
	at play.PlayReloader$$anon$1$$anonfun$reload$2.apply(PlayReloader.scala:298) ~[na:na]
	at play.PlayReloader$$anon$1$$anonfun$reload$2.apply(PlayReloader.scala:296) ~[na:na]
	at scala.util.Either$LeftProjection.map(Either.scala:377) ~[scala-library-2.10.3.jar:na]
	at play.PlayReloader$$anon$1.reload(PlayReloader.scala:296) ~[na:na]
	at play.core.ReloadableApplication$$anonfun$get$1.apply(ApplicationProvider.scala:104) ~[play_2.10-2.2.5.jar:2.2.5]
	at play.core.ReloadableApplication$$anonfun$get$1.apply(ApplicationProvider.scala:102) ~[play_2.10-2.2.5.jar:2.2.5]
	at scala.concurrent.impl.Future$PromiseCompletingRunnable.liftedTree1$1(Future.scala:24) ~[scala-library-2.10.3.jar:na]
	at scala.concurrent.impl.Future$PromiseCompletingRunnable.run(Future.scala:24) ~[scala-library-2.10.3.jar:na]
	at scala.concurrent.forkjoin.ForkJoinTask$AdaptedRunnableAction.exec(ForkJoinTask.java:1361) ~[scala-library-2.10.3.jar:na]
	at scala.concurrent.forkjoin.ForkJoinTask.doExec(ForkJoinTask.java:260) ~[scala-library-2.10.3.jar:na]
	at scala.concurrent.forkjoin.ForkJoinPool$WorkQueue.runTask(ForkJoinPool.java:1339) ~[scala-library-2.10.3.jar:na]
	at scala.concurrent.forkjoin.ForkJoinPool.runWorker(ForkJoinPool.java:1979) ~[scala-library-2.10.3.jar:na]
	at scala.concurrent.forkjoin.ForkJoinWorkerThread.run(ForkJoinWorkerThread.java:107) ~[scala-library-2.10.3.jar:na]

2014-12-22 17:43:14,074 - [INFO] - from play in play-internal-execution-context-1 
database [default] connected at jdbc:postgresql://cloudproj.ct233hyipvfx.us-east-1.rds.amazonaws.com:5432/elandb

2014-12-22 17:43:16,255 - [INFO] - from play in play-internal-execution-context-1 
Application started (Dev)

2014-12-22 17:51:05,157 - [INFO] - from play in play-internal-execution-context-1 
database [default] connected at jdbc:postgresql://cloudproj.ct233hyipvfx.us-east-1.rds.amazonaws.com:5432/elandb

2014-12-22 17:51:06,462 - [INFO] - from play in play-internal-execution-context-1 
Application started (Dev)

2014-12-22 17:52:45,176 - [INFO] - from play in play-internal-execution-context-1 
database [default] connected at jdbc:postgresql://cloudproj.ct233hyipvfx.us-east-1.rds.amazonaws.com:5432/elandb

2014-12-22 17:52:46,305 - [INFO] - from play in play-internal-execution-context-1 
Application started (Dev)

2014-12-22 17:54:10,839 - [INFO] - from play in play-internal-execution-context-1 
database [default] connected at jdbc:postgresql://cloudproj.ct233hyipvfx.us-east-1.rds.amazonaws.com:5432/elandb

2014-12-22 17:54:10,892 - [INFO] - from play in play-internal-execution-context-1 
Application started (Dev)

2014-12-22 17:59:43,239 - [INFO] - from play in play-internal-execution-context-4 
database [default] connected at jdbc:postgresql://cloudproj.ct233hyipvfx.us-east-1.rds.amazonaws.com:5432/elandb

2014-12-22 17:59:44,569 - [INFO] - from play in play-internal-execution-context-4 
Application started (Dev)

2014-12-22 18:11:21,812 - [INFO] - from play in play-internal-execution-context-6 
database [default] connected at jdbc:postgresql://cloudproj.ct233hyipvfx.us-east-1.rds.amazonaws.com:5432/elandb

2014-12-22 18:11:23,625 - [INFO] - from play in play-internal-execution-context-6 
Application started (Dev)

2014-12-22 18:13:24,410 - [INFO] - from play in play-internal-execution-context-8 
database [default] connected at jdbc:postgresql://cloudproj.ct233hyipvfx.us-east-1.rds.amazonaws.com:5432/elandb

2014-12-22 18:13:25,592 - [INFO] - from play in play-internal-execution-context-8 
Application started (Dev)

2014-12-22 18:14:54,867 - [INFO] - from play in play-internal-execution-context-8 
database [default] connected at jdbc:postgresql://cloudproj.ct233hyipvfx.us-east-1.rds.amazonaws.com:5432/elandb

2014-12-22 18:14:56,251 - [INFO] - from play in play-internal-execution-context-8 
Application started (Dev)

2014-12-22 18:16:35,073 - [INFO] - from play in play-internal-execution-context-8 
database [default] connected at jdbc:postgresql://cloudproj.ct233hyipvfx.us-east-1.rds.amazonaws.com:5432/elandb

2014-12-22 18:16:36,391 - [INFO] - from play in play-internal-execution-context-8 
Application started (Dev)

2014-12-22 18:19:34,963 - [INFO] - from play in play-internal-execution-context-8 
database [default] connected at jdbc:postgresql://cloudproj.ct233hyipvfx.us-east-1.rds.amazonaws.com:5432/elandb

2014-12-22 18:19:35,061 - [INFO] - from play in play-internal-execution-context-8 
Application started (Dev)

2014-12-22 18:25:31,998 - [INFO] - from play in play-internal-execution-context-8 
database [default] connected at jdbc:postgresql://cloudproj.ct233hyipvfx.us-east-1.rds.amazonaws.com:5432/elandb

2014-12-22 18:25:33,240 - [INFO] - from play in play-internal-execution-context-8 
Application started (Dev)

2014-12-22 18:26:45,086 - [INFO] - from play in play-internal-execution-context-8 
database [default] connected at jdbc:postgresql://cloudproj.ct233hyipvfx.us-east-1.rds.amazonaws.com:5432/elandb

2014-12-22 18:26:45,272 - [INFO] - from play in play-internal-execution-context-8 
Application started (Dev)

2014-12-22 18:27:38,636 - [INFO] - from play in play-internal-execution-context-8 
database [default] connected at jdbc:postgresql://cloudproj.ct233hyipvfx.us-east-1.rds.amazonaws.com:5432/elandb

2014-12-22 18:27:38,685 - [INFO] - from play in play-internal-execution-context-8 
Application started (Dev)

2014-12-22 18:28:54,877 - [INFO] - from play in play-internal-execution-context-8 
database [default] connected at jdbc:postgresql://cloudproj.ct233hyipvfx.us-east-1.rds.amazonaws.com:5432/elandb

2014-12-22 18:28:54,921 - [INFO] - from play in play-internal-execution-context-8 
Application started (Dev)

2014-12-22 18:30:15,068 - [INFO] - from play in play-internal-execution-context-8 
database [default] connected at jdbc:postgresql://cloudproj.ct233hyipvfx.us-east-1.rds.amazonaws.com:5432/elandb

2014-12-22 18:30:15,122 - [INFO] - from play in play-internal-execution-context-8 
Application started (Dev)

2014-12-22 18:30:58,097 - [INFO] - from play in play-internal-execution-context-8 
database [default] connected at jdbc:postgresql://cloudproj.ct233hyipvfx.us-east-1.rds.amazonaws.com:5432/elandb

2014-12-22 18:30:58,150 - [INFO] - from play in play-internal-execution-context-8 
Application started (Dev)

2014-12-22 18:33:02,288 - [INFO] - from play in play-internal-execution-context-8 
database [default] connected at jdbc:postgresql://cloudproj.ct233hyipvfx.us-east-1.rds.amazonaws.com:5432/elandb

2014-12-22 18:33:02,336 - [INFO] - from play in play-internal-execution-context-8 
Application started (Dev)

2014-12-22 18:33:38,956 - [INFO] - from play in play-internal-execution-context-8 
database [default] connected at jdbc:postgresql://cloudproj.ct233hyipvfx.us-east-1.rds.amazonaws.com:5432/elandb

2014-12-22 18:33:38,997 - [INFO] - from play in play-internal-execution-context-8 
Application started (Dev)

2014-12-22 18:34:43,256 - [INFO] - from play in play-internal-execution-context-8 
database [default] connected at jdbc:postgresql://cloudproj.ct233hyipvfx.us-east-1.rds.amazonaws.com:5432/elandb

2014-12-22 18:34:43,299 - [INFO] - from play in play-internal-execution-context-8 
Application started (Dev)

2014-12-22 18:37:10,107 - [INFO] - from play in play-internal-execution-context-15 
database [default] connected at jdbc:postgresql://cloudproj.ct233hyipvfx.us-east-1.rds.amazonaws.com:5432/elandb

2014-12-22 18:37:10,154 - [INFO] - from play in play-internal-execution-context-15 
Application started (Dev)

2014-12-22 18:38:39,468 - [INFO] - from play in play-internal-execution-context-15 
database [default] connected at jdbc:postgresql://cloudproj.ct233hyipvfx.us-east-1.rds.amazonaws.com:5432/elandb

2014-12-22 18:38:39,511 - [INFO] - from play in play-internal-execution-context-15 
Application started (Dev)

2014-12-22 18:39:28,319 - [INFO] - from play in play-internal-execution-context-15 
database [default] connected at jdbc:postgresql://cloudproj.ct233hyipvfx.us-east-1.rds.amazonaws.com:5432/elandb

2014-12-22 18:39:28,362 - [INFO] - from play in play-internal-execution-context-15 
Application started (Dev)

